{"/home/microservices/looney-general/backend/moods/code/controllers/adviceRecordsController.js": {"path":"/home/microservices/looney-general/backend/moods/code/controllers/adviceRecordsController.js","statementMap":{"0":{"start":{"line":11,"column":15},"end":{"line":11,"column":25}},"1":{"start":{"line":12,"column":14},"end":{"line":12,"column":28}},"2":{"start":{"line":13,"column":16},"end":{"line":13,"column":35}},"3":{"start":{"line":14,"column":15},"end":{"line":14,"column":33}},"4":{"start":{"line":16,"column":22},"end":{"line":16,"column":47}},"5":{"start":{"line":17,"column":2},"end":{"line":17,"column":27}},"6":{"start":{"line":18,"column":2},"end":{"line":18,"column":21}},"7":{"start":{"line":21,"column":21},"end":{"line":28,"column":1}},"8":{"start":{"line":37,"column":2},"end":{"line":42,"column":3}},"9":{"start":{"line":38,"column":4},"end":{"line":38,"column":56}},"10":{"start":{"line":39,"column":4},"end":{"line":39,"column":39}},"11":{"start":{"line":41,"column":4},"end":{"line":41,"column":14}},"12":{"start":{"line":52,"column":2},"end":{"line":58,"column":3}},"13":{"start":{"line":53,"column":4},"end":{"line":53,"column":47}},"14":{"start":{"line":54,"column":4},"end":{"line":54,"column":63}},"15":{"start":{"line":55,"column":4},"end":{"line":55,"column":39}},"16":{"start":{"line":57,"column":4},"end":{"line":57,"column":14}}},"fnMap":{"0":{"name":"getToDay","decl":{"start":{"line":10,"column":9},"end":{"line":10,"column":17}},"loc":{"start":{"line":10,"column":20},"end":{"line":19,"column":1}},"line":10},"1":{"name":"getAdviceRecords","decl":{"start":{"line":36,"column":22},"end":{"line":36,"column":38}},"loc":{"start":{"line":36,"column":55},"end":{"line":43,"column":1}},"line":36},"2":{"name":"createAdviceRecord","decl":{"start":{"line":51,"column":22},"end":{"line":51,"column":40}},"loc":{"start":{"line":51,"column":57},"end":{"line":59,"column":1}},"line":51}},"branchMap":{},"s":{"0":1,"1":1,"2":1,"3":1,"4":1,"5":1,"6":1,"7":1,"8":3,"9":3,"10":3,"11":0,"12":2,"13":2,"14":2,"15":2,"16":0},"f":{"0":1,"1":3,"2":2},"b":{},"inputSourceMap":null,"_coverageSchema":"1a1c01bbd47fc00a2c39e90264f33305004495a9","hash":"0b1974302a7c3ef0da7020bfd4d7b6005b0da83a"}
,"/home/microservices/looney-general/backend/moods/code/controllers/moodRecordsController.js": {"path":"/home/microservices/looney-general/backend/moods/code/controllers/moodRecordsController.js","statementMap":{"0":{"start":{"line":14,"column":15},"end":{"line":14,"column":25}},"1":{"start":{"line":15,"column":14},"end":{"line":15,"column":28}},"2":{"start":{"line":16,"column":16},"end":{"line":16,"column":35}},"3":{"start":{"line":17,"column":15},"end":{"line":17,"column":33}},"4":{"start":{"line":19,"column":22},"end":{"line":19,"column":47}},"5":{"start":{"line":20,"column":2},"end":{"line":20,"column":27}},"6":{"start":{"line":21,"column":2},"end":{"line":21,"column":21}},"7":{"start":{"line":24,"column":21},"end":{"line":31,"column":1}},"8":{"start":{"line":40,"column":2},"end":{"line":51,"column":3}},"9":{"start":{"line":41,"column":20},"end":{"line":41,"column":44}},"10":{"start":{"line":42,"column":30},"end":{"line":46,"column":7}},"11":{"start":{"line":42,"column":53},"end":{"line":46,"column":5}},"12":{"start":{"line":47,"column":4},"end":{"line":47,"column":42}},"13":{"start":{"line":48,"column":4},"end":{"line":48,"column":39}},"14":{"start":{"line":50,"column":4},"end":{"line":50,"column":14}},"15":{"start":{"line":61,"column":2},"end":{"line":68,"column":3}},"16":{"start":{"line":62,"column":4},"end":{"line":62,"column":26}},"17":{"start":{"line":63,"column":4},"end":{"line":63,"column":41}},"18":{"start":{"line":64,"column":4},"end":{"line":64,"column":63}},"19":{"start":{"line":65,"column":4},"end":{"line":65,"column":39}},"20":{"start":{"line":67,"column":4},"end":{"line":67,"column":14}},"21":{"start":{"line":78,"column":2},"end":{"line":89,"column":3}},"22":{"start":{"line":79,"column":24},"end":{"line":79,"column":66}},"23":{"start":{"line":80,"column":35},"end":{"line":84,"column":7}},"24":{"start":{"line":80,"column":66},"end":{"line":84,"column":5}},"25":{"start":{"line":85,"column":4},"end":{"line":85,"column":47}},"26":{"start":{"line":86,"column":4},"end":{"line":86,"column":39}},"27":{"start":{"line":88,"column":4},"end":{"line":88,"column":14}},"28":{"start":{"line":99,"column":2},"end":{"line":105,"column":3}},"29":{"start":{"line":100,"column":4},"end":{"line":100,"column":58}},"30":{"start":{"line":101,"column":4},"end":{"line":101,"column":62}},"31":{"start":{"line":102,"column":4},"end":{"line":102,"column":39}},"32":{"start":{"line":104,"column":4},"end":{"line":104,"column":14}},"33":{"start":{"line":115,"column":2},"end":{"line":121,"column":3}},"34":{"start":{"line":116,"column":4},"end":{"line":116,"column":50}},"35":{"start":{"line":117,"column":4},"end":{"line":117,"column":63}},"36":{"start":{"line":118,"column":4},"end":{"line":118,"column":39}},"37":{"start":{"line":120,"column":4},"end":{"line":120,"column":14}}},"fnMap":{"0":{"name":"getToDay","decl":{"start":{"line":13,"column":9},"end":{"line":13,"column":17}},"loc":{"start":{"line":13,"column":20},"end":{"line":22,"column":1}},"line":13},"1":{"name":"getRecord","decl":{"start":{"line":39,"column":22},"end":{"line":39,"column":31}},"loc":{"start":{"line":39,"column":48},"end":{"line":52,"column":1}},"line":39},"2":{"name":"(anonymous_2)","decl":{"start":{"line":42,"column":42},"end":{"line":42,"column":43}},"loc":{"start":{"line":42,"column":53},"end":{"line":46,"column":5}},"line":42},"3":{"name":"createRecord","decl":{"start":{"line":60,"column":22},"end":{"line":60,"column":34}},"loc":{"start":{"line":60,"column":51},"end":{"line":69,"column":1}},"line":60},"4":{"name":"getRecordById","decl":{"start":{"line":77,"column":22},"end":{"line":77,"column":35}},"loc":{"start":{"line":77,"column":52},"end":{"line":90,"column":1}},"line":77},"5":{"name":"(anonymous_5)","decl":{"start":{"line":80,"column":51},"end":{"line":80,"column":52}},"loc":{"start":{"line":80,"column":66},"end":{"line":84,"column":5}},"line":80},"6":{"name":"editRecordById","decl":{"start":{"line":98,"column":22},"end":{"line":98,"column":36}},"loc":{"start":{"line":98,"column":53},"end":{"line":106,"column":1}},"line":98},"7":{"name":"deleteRecordById","decl":{"start":{"line":114,"column":22},"end":{"line":114,"column":38}},"loc":{"start":{"line":114,"column":55},"end":{"line":122,"column":1}},"line":114}},"branchMap":{},"s":{"0":1,"1":1,"2":1,"3":1,"4":1,"5":1,"6":1,"7":1,"8":3,"9":3,"10":3,"11":4,"12":3,"13":3,"14":0,"15":2,"16":2,"17":2,"18":2,"19":2,"20":0,"21":0,"22":0,"23":0,"24":0,"25":0,"26":0,"27":0,"28":0,"29":0,"30":0,"31":0,"32":0,"33":0,"34":0,"35":0,"36":0,"37":0},"f":{"0":1,"1":3,"2":4,"3":2,"4":0,"5":0,"6":0,"7":0},"b":{},"inputSourceMap":null,"_coverageSchema":"1a1c01bbd47fc00a2c39e90264f33305004495a9","hash":"2718b554d298905e06cde224a03e741159df9794"}
,"/home/microservices/looney-general/backend/moods/code/database/adviceRecordsAdapter.js": {"path":"/home/microservices/looney-general/backend/moods/code/database/adviceRecordsAdapter.js","statementMap":{"0":{"start":{"line":8,"column":2},"end":{"line":23,"column":5}},"1":{"start":{"line":9,"column":15},"end":{"line":9,"column":45}},"2":{"start":{"line":10,"column":16},"end":{"line":10,"column":46}},"3":{"start":{"line":11,"column":19},"end":{"line":11,"column":21}},"4":{"start":{"line":13,"column":4},"end":{"line":22,"column":7}},"5":{"start":{"line":14,"column":6},"end":{"line":14,"column":34}},"6":{"start":{"line":16,"column":6},"end":{"line":21,"column":7}},"7":{"start":{"line":17,"column":8},"end":{"line":17,"column":27}},"8":{"start":{"line":18,"column":8},"end":{"line":18,"column":20}},"9":{"start":{"line":20,"column":8},"end":{"line":20,"column":22}},"10":{"start":{"line":32,"column":2},"end":{"line":46,"column":5}},"11":{"start":{"line":33,"column":15},"end":{"line":33,"column":45}},"12":{"start":{"line":34,"column":19},"end":{"line":34,"column":82}},"13":{"start":{"line":36,"column":4},"end":{"line":45,"column":7}},"14":{"start":{"line":37,"column":6},"end":{"line":37,"column":34}},"15":{"start":{"line":38,"column":6},"end":{"line":38,"column":37}},"16":{"start":{"line":39,"column":6},"end":{"line":44,"column":7}},"17":{"start":{"line":40,"column":8},"end":{"line":40,"column":27}},"18":{"start":{"line":41,"column":8},"end":{"line":41,"column":20}},"19":{"start":{"line":43,"column":8},"end":{"line":43,"column":18}}},"fnMap":{"0":{"name":"getAllAdviceRecordsData","decl":{"start":{"line":7,"column":22},"end":{"line":7,"column":45}},"loc":{"start":{"line":7,"column":48},"end":{"line":24,"column":1}},"line":7},"1":{"name":"(anonymous_1)","decl":{"start":{"line":8,"column":21},"end":{"line":8,"column":22}},"loc":{"start":{"line":8,"column":48},"end":{"line":23,"column":3}},"line":8},"2":{"name":"(anonymous_2)","decl":{"start":{"line":13,"column":24},"end":{"line":13,"column":25}},"loc":{"start":{"line":13,"column":39},"end":{"line":22,"column":5}},"line":13},"3":{"name":"createAdviceRecordInstance","decl":{"start":{"line":31,"column":22},"end":{"line":31,"column":48}},"loc":{"start":{"line":31,"column":58},"end":{"line":47,"column":1}},"line":31},"4":{"name":"(anonymous_4)","decl":{"start":{"line":32,"column":21},"end":{"line":32,"column":22}},"loc":{"start":{"line":32,"column":48},"end":{"line":46,"column":3}},"line":32},"5":{"name":"(anonymous_5)","decl":{"start":{"line":36,"column":57},"end":{"line":36,"column":58}},"loc":{"start":{"line":36,"column":66},"end":{"line":45,"column":5}},"line":36}},"branchMap":{"0":{"loc":{"start":{"line":16,"column":6},"end":{"line":21,"column":7}},"type":"if","locations":[{"start":{"line":16,"column":6},"end":{"line":21,"column":7}},{"start":{"line":19,"column":13},"end":{"line":21,"column":7}}],"line":16},"1":{"loc":{"start":{"line":39,"column":6},"end":{"line":44,"column":7}},"type":"if","locations":[{"start":{"line":39,"column":6},"end":{"line":44,"column":7}},{"start":{"line":42,"column":13},"end":{"line":44,"column":7}}],"line":39}},"s":{"0":4,"1":4,"2":4,"3":4,"4":4,"5":4,"6":4,"7":0,"8":0,"9":4,"10":2,"11":2,"12":2,"13":2,"14":2,"15":2,"16":2,"17":0,"18":0,"19":2},"f":{"0":4,"1":4,"2":4,"3":2,"4":2,"5":2},"b":{"0":[0,4],"1":[0,2]},"inputSourceMap":null,"_coverageSchema":"1a1c01bbd47fc00a2c39e90264f33305004495a9","hash":"dfbfaddfbcef72c00072aa4db2b1c4b2b796ae00"}
,"/home/microservices/looney-general/backend/moods/code/database/database.js": {"path":"/home/microservices/looney-general/backend/moods/code/database/database.js","statementMap":{"0":{"start":{"line":3,"column":24},"end":{"line":3,"column":46}},"1":{"start":{"line":6,"column":21},"end":{"line":51,"column":1}},"2":{"start":{"line":53,"column":22},"end":{"line":53,"column":54}},"3":{"start":{"line":61,"column":2},"end":{"line":66,"column":5}},"4":{"start":{"line":62,"column":4},"end":{"line":62,"column":55}},"5":{"start":{"line":63,"column":4},"end":{"line":63,"column":40}},"6":{"start":{"line":65,"column":4},"end":{"line":65,"column":29}},"7":{"start":{"line":74,"column":2},"end":{"line":110,"column":5}},"8":{"start":{"line":77,"column":4},"end":{"line":80,"column":5}},"9":{"start":{"line":78,"column":6},"end":{"line":78,"column":42}},"10":{"start":{"line":79,"column":6},"end":{"line":79,"column":31}},"11":{"start":{"line":82,"column":15},"end":{"line":109,"column":6}},"12":{"start":{"line":83,"column":6},"end":{"line":88,"column":7}},"13":{"start":{"line":84,"column":8},"end":{"line":84,"column":35}},"14":{"start":{"line":85,"column":8},"end":{"line":85,"column":28}},"15":{"start":{"line":87,"column":8},"end":{"line":87,"column":53}},"16":{"start":{"line":90,"column":6},"end":{"line":108,"column":7}},"17":{"start":{"line":92,"column":8},"end":{"line":105,"column":11}},"18":{"start":{"line":94,"column":10},"end":{"line":102,"column":11}},"19":{"start":{"line":96,"column":12},"end":{"line":96,"column":35}},"20":{"start":{"line":97,"column":12},"end":{"line":97,"column":45}},"21":{"start":{"line":98,"column":12},"end":{"line":98,"column":41}},"22":{"start":{"line":99,"column":12},"end":{"line":99,"column":43}},"23":{"start":{"line":100,"column":12},"end":{"line":100,"column":48}},"24":{"start":{"line":101,"column":12},"end":{"line":101,"column":42}},"25":{"start":{"line":104,"column":10},"end":{"line":104,"column":22}},"26":{"start":{"line":107,"column":8},"end":{"line":107,"column":22}},"27":{"start":{"line":118,"column":2},"end":{"line":124,"column":5}},"28":{"start":{"line":119,"column":4},"end":{"line":123,"column":5}},"29":{"start":{"line":120,"column":6},"end":{"line":120,"column":33}},"30":{"start":{"line":122,"column":6},"end":{"line":122,"column":60}},"31":{"start":{"line":133,"column":2},"end":{"line":133,"column":82}},"32":{"start":{"line":133,"column":46},"end":{"line":133,"column":79}},"33":{"start":{"line":142,"column":2},"end":{"line":152,"column":5}},"34":{"start":{"line":143,"column":4},"end":{"line":151,"column":7}},"35":{"start":{"line":144,"column":6},"end":{"line":150,"column":7}},"36":{"start":{"line":145,"column":8},"end":{"line":145,"column":61}},"37":{"start":{"line":146,"column":8},"end":{"line":146,"column":28}},"38":{"start":{"line":148,"column":8},"end":{"line":148,"column":56}},"39":{"start":{"line":149,"column":8},"end":{"line":149,"column":18}},"40":{"start":{"line":160,"column":2},"end":{"line":173,"column":5}},"41":{"start":{"line":161,"column":32},"end":{"line":161,"column":67}},"42":{"start":{"line":162,"column":24},"end":{"line":162,"column":66}},"43":{"start":{"line":164,"column":4},"end":{"line":172,"column":7}},"44":{"start":{"line":165,"column":6},"end":{"line":171,"column":9}},"45":{"start":{"line":166,"column":8},"end":{"line":170,"column":9}},"46":{"start":{"line":167,"column":10},"end":{"line":167,"column":30}},"47":{"start":{"line":169,"column":10},"end":{"line":169,"column":20}},"48":{"start":{"line":181,"column":2},"end":{"line":254,"column":5}},"49":{"start":{"line":182,"column":29},"end":{"line":243,"column":5}},"50":{"start":{"line":244,"column":24},"end":{"line":244,"column":88}},"51":{"start":{"line":245,"column":4},"end":{"line":253,"column":7}},"52":{"start":{"line":246,"column":6},"end":{"line":252,"column":9}},"53":{"start":{"line":247,"column":8},"end":{"line":251,"column":9}},"54":{"start":{"line":248,"column":10},"end":{"line":248,"column":30}},"55":{"start":{"line":250,"column":10},"end":{"line":250,"column":20}},"56":{"start":{"line":262,"column":2},"end":{"line":275,"column":5}},"57":{"start":{"line":263,"column":30},"end":{"line":263,"column":98}},"58":{"start":{"line":264,"column":24},"end":{"line":264,"column":74}},"59":{"start":{"line":266,"column":4},"end":{"line":274,"column":7}},"60":{"start":{"line":267,"column":6},"end":{"line":273,"column":9}},"61":{"start":{"line":268,"column":8},"end":{"line":272,"column":9}},"62":{"start":{"line":269,"column":10},"end":{"line":269,"column":30}},"63":{"start":{"line":271,"column":10},"end":{"line":271,"column":20}},"64":{"start":{"line":283,"column":2},"end":{"line":317,"column":5}},"65":{"start":{"line":284,"column":35},"end":{"line":305,"column":5}},"66":{"start":{"line":307,"column":24},"end":{"line":307,"column":75}},"67":{"start":{"line":308,"column":4},"end":{"line":316,"column":7}},"68":{"start":{"line":309,"column":6},"end":{"line":315,"column":9}},"69":{"start":{"line":310,"column":8},"end":{"line":314,"column":9}},"70":{"start":{"line":311,"column":10},"end":{"line":311,"column":30}},"71":{"start":{"line":313,"column":10},"end":{"line":313,"column":20}},"72":{"start":{"line":325,"column":2},"end":{"line":413,"column":5}},"73":{"start":{"line":326,"column":29},"end":{"line":402,"column":5}},"74":{"start":{"line":403,"column":24},"end":{"line":403,"column":90}},"75":{"start":{"line":404,"column":4},"end":{"line":412,"column":7}},"76":{"start":{"line":405,"column":6},"end":{"line":411,"column":9}},"77":{"start":{"line":406,"column":8},"end":{"line":410,"column":9}},"78":{"start":{"line":407,"column":10},"end":{"line":407,"column":30}},"79":{"start":{"line":409,"column":10},"end":{"line":409,"column":20}}},"fnMap":{"0":{"name":"refreshTestingDatabase","decl":{"start":{"line":60,"column":22},"end":{"line":60,"column":44}},"loc":{"start":{"line":60,"column":47},"end":{"line":67,"column":1}},"line":60},"1":{"name":"(anonymous_1)","decl":{"start":{"line":61,"column":21},"end":{"line":61,"column":22}},"loc":{"start":{"line":61,"column":40},"end":{"line":66,"column":3}},"line":61},"2":{"name":"openDatabaseConnection","decl":{"start":{"line":73,"column":22},"end":{"line":73,"column":44}},"loc":{"start":{"line":73,"column":47},"end":{"line":111,"column":1}},"line":73},"3":{"name":"(anonymous_3)","decl":{"start":{"line":74,"column":21},"end":{"line":74,"column":22}},"loc":{"start":{"line":74,"column":48},"end":{"line":110,"column":3}},"line":74},"4":{"name":"(anonymous_4)","decl":{"start":{"line":82,"column":46},"end":{"line":82,"column":47}},"loc":{"start":{"line":82,"column":61},"end":{"line":109,"column":5}},"line":82},"5":{"name":"(anonymous_5)","decl":{"start":{"line":92,"column":113},"end":{"line":92,"column":114}},"loc":{"start":{"line":92,"column":133},"end":{"line":105,"column":9}},"line":92},"6":{"name":"closeDatabaseConnection","decl":{"start":{"line":117,"column":16},"end":{"line":117,"column":39}},"loc":{"start":{"line":117,"column":44},"end":{"line":125,"column":1}},"line":117},"7":{"name":"(anonymous_7)","decl":{"start":{"line":118,"column":11},"end":{"line":118,"column":12}},"loc":{"start":{"line":118,"column":20},"end":{"line":124,"column":3}},"line":118},"8":{"name":"createTables","decl":{"start":{"line":131,"column":22},"end":{"line":131,"column":34}},"loc":{"start":{"line":131,"column":39},"end":{"line":134,"column":1}},"line":131},"9":{"name":"(anonymous_9)","decl":{"start":{"line":133,"column":37},"end":{"line":133,"column":38}},"loc":{"start":{"line":133,"column":46},"end":{"line":133,"column":79}},"line":133},"10":{"name":"createTableIfNotExists","decl":{"start":{"line":141,"column":15},"end":{"line":141,"column":37}},"loc":{"start":{"line":141,"column":49},"end":{"line":153,"column":1}},"line":141},"11":{"name":"(anonymous_11)","decl":{"start":{"line":142,"column":21},"end":{"line":142,"column":22}},"loc":{"start":{"line":142,"column":42},"end":{"line":152,"column":3}},"line":142},"12":{"name":"(anonymous_12)","decl":{"start":{"line":143,"column":18},"end":{"line":143,"column":19}},"loc":{"start":{"line":143,"column":27},"end":{"line":151,"column":5}},"line":143},"13":{"name":"populateMoodsTypeTable","decl":{"start":{"line":159,"column":22},"end":{"line":159,"column":44}},"loc":{"start":{"line":159,"column":49},"end":{"line":174,"column":1}},"line":159},"14":{"name":"(anonymous_14)","decl":{"start":{"line":160,"column":21},"end":{"line":160,"column":22}},"loc":{"start":{"line":160,"column":42},"end":{"line":173,"column":3}},"line":160},"15":{"name":"(anonymous_15)","decl":{"start":{"line":164,"column":32},"end":{"line":164,"column":33}},"loc":{"start":{"line":164,"column":42},"end":{"line":172,"column":5}},"line":164},"16":{"name":"(anonymous_16)","decl":{"start":{"line":165,"column":34},"end":{"line":165,"column":35}},"loc":{"start":{"line":165,"column":43},"end":{"line":171,"column":7}},"line":165},"17":{"name":"populateMoodsTable","decl":{"start":{"line":180,"column":22},"end":{"line":180,"column":40}},"loc":{"start":{"line":180,"column":45},"end":{"line":255,"column":1}},"line":180},"18":{"name":"(anonymous_18)","decl":{"start":{"line":181,"column":21},"end":{"line":181,"column":22}},"loc":{"start":{"line":181,"column":42},"end":{"line":254,"column":3}},"line":181},"19":{"name":"(anonymous_19)","decl":{"start":{"line":245,"column":29},"end":{"line":245,"column":30}},"loc":{"start":{"line":245,"column":39},"end":{"line":253,"column":5}},"line":245},"20":{"name":"(anonymous_20)","decl":{"start":{"line":246,"column":70},"end":{"line":246,"column":71}},"loc":{"start":{"line":246,"column":79},"end":{"line":252,"column":7}},"line":246},"21":{"name":"populateReasonsTable","decl":{"start":{"line":261,"column":22},"end":{"line":261,"column":42}},"loc":{"start":{"line":261,"column":47},"end":{"line":276,"column":1}},"line":261},"22":{"name":"(anonymous_22)","decl":{"start":{"line":262,"column":21},"end":{"line":262,"column":22}},"loc":{"start":{"line":262,"column":42},"end":{"line":275,"column":3}},"line":262},"23":{"name":"(anonymous_23)","decl":{"start":{"line":266,"column":30},"end":{"line":266,"column":31}},"loc":{"start":{"line":266,"column":42},"end":{"line":274,"column":5}},"line":266},"24":{"name":"(anonymous_24)","decl":{"start":{"line":267,"column":36},"end":{"line":267,"column":37}},"loc":{"start":{"line":267,"column":45},"end":{"line":273,"column":7}},"line":267},"25":{"name":"populateAdviceGroupsTable","decl":{"start":{"line":282,"column":22},"end":{"line":282,"column":47}},"loc":{"start":{"line":282,"column":52},"end":{"line":318,"column":1}},"line":282},"26":{"name":"(anonymous_26)","decl":{"start":{"line":283,"column":21},"end":{"line":283,"column":22}},"loc":{"start":{"line":283,"column":42},"end":{"line":317,"column":3}},"line":283},"27":{"name":"(anonymous_27)","decl":{"start":{"line":308,"column":35},"end":{"line":308,"column":36}},"loc":{"start":{"line":308,"column":53},"end":{"line":316,"column":5}},"line":308},"28":{"name":"(anonymous_28)","decl":{"start":{"line":309,"column":64},"end":{"line":309,"column":65}},"loc":{"start":{"line":309,"column":73},"end":{"line":315,"column":7}},"line":309},"29":{"name":"populateAdviceTable","decl":{"start":{"line":324,"column":22},"end":{"line":324,"column":41}},"loc":{"start":{"line":324,"column":46},"end":{"line":414,"column":1}},"line":324},"30":{"name":"(anonymous_30)","decl":{"start":{"line":325,"column":21},"end":{"line":325,"column":22}},"loc":{"start":{"line":325,"column":42},"end":{"line":413,"column":3}},"line":325},"31":{"name":"(anonymous_31)","decl":{"start":{"line":404,"column":29},"end":{"line":404,"column":30}},"loc":{"start":{"line":404,"column":41},"end":{"line":412,"column":5}},"line":404},"32":{"name":"(anonymous_32)","decl":{"start":{"line":405,"column":76},"end":{"line":405,"column":77}},"loc":{"start":{"line":405,"column":85},"end":{"line":411,"column":7}},"line":405}},"branchMap":{"0":{"loc":{"start":{"line":77,"column":4},"end":{"line":80,"column":5}},"type":"if","locations":[{"start":{"line":77,"column":4},"end":{"line":80,"column":5}},{"start":{},"end":{}}],"line":77},"1":{"loc":{"start":{"line":83,"column":6},"end":{"line":88,"column":7}},"type":"if","locations":[{"start":{"line":83,"column":6},"end":{"line":88,"column":7}},{"start":{"line":86,"column":13},"end":{"line":88,"column":7}}],"line":83},"2":{"loc":{"start":{"line":94,"column":10},"end":{"line":102,"column":11}},"type":"if","locations":[{"start":{"line":94,"column":10},"end":{"line":102,"column":11}},{"start":{},"end":{}}],"line":94},"3":{"loc":{"start":{"line":119,"column":4},"end":{"line":123,"column":5}},"type":"if","locations":[{"start":{"line":119,"column":4},"end":{"line":123,"column":5}},{"start":{"line":121,"column":11},"end":{"line":123,"column":5}}],"line":119},"4":{"loc":{"start":{"line":144,"column":6},"end":{"line":150,"column":7}},"type":"if","locations":[{"start":{"line":144,"column":6},"end":{"line":150,"column":7}},{"start":{"line":147,"column":13},"end":{"line":150,"column":7}}],"line":144},"5":{"loc":{"start":{"line":166,"column":8},"end":{"line":170,"column":9}},"type":"if","locations":[{"start":{"line":166,"column":8},"end":{"line":170,"column":9}},{"start":{"line":168,"column":15},"end":{"line":170,"column":9}}],"line":166},"6":{"loc":{"start":{"line":247,"column":8},"end":{"line":251,"column":9}},"type":"if","locations":[{"start":{"line":247,"column":8},"end":{"line":251,"column":9}},{"start":{"line":249,"column":15},"end":{"line":251,"column":9}}],"line":247},"7":{"loc":{"start":{"line":268,"column":8},"end":{"line":272,"column":9}},"type":"if","locations":[{"start":{"line":268,"column":8},"end":{"line":272,"column":9}},{"start":{"line":270,"column":15},"end":{"line":272,"column":9}}],"line":268},"8":{"loc":{"start":{"line":310,"column":8},"end":{"line":314,"column":9}},"type":"if","locations":[{"start":{"line":310,"column":8},"end":{"line":314,"column":9}},{"start":{"line":312,"column":15},"end":{"line":314,"column":9}}],"line":310},"9":{"loc":{"start":{"line":406,"column":8},"end":{"line":410,"column":9}},"type":"if","locations":[{"start":{"line":406,"column":8},"end":{"line":410,"column":9}},{"start":{"line":408,"column":15},"end":{"line":410,"column":9}}],"line":406}},"s":{"0":5,"1":5,"2":5,"3":15,"4":15,"5":15,"6":15,"7":15,"8":15,"9":15,"10":15,"11":15,"12":15,"13":0,"14":0,"15":15,"16":15,"17":15,"18":10,"19":0,"20":0,"21":0,"22":0,"23":0,"24":0,"25":10,"26":0,"27":15,"28":10,"29":1,"30":9,"31":32,"32":256,"33":256,"34":256,"35":256,"36":0,"37":0,"38":256,"39":256,"40":1,"41":1,"42":1,"43":1,"44":3,"45":3,"46":0,"47":3,"48":1,"49":1,"50":1,"51":1,"52":15,"53":15,"54":0,"55":15,"56":1,"57":1,"58":1,"59":1,"60":7,"61":7,"62":0,"63":7,"64":1,"65":1,"66":1,"67":1,"68":5,"69":5,"70":0,"71":5,"72":1,"73":1,"74":1,"75":1,"76":15,"77":15,"78":0,"79":15},"f":{"0":15,"1":15,"2":15,"3":15,"4":15,"5":10,"6":15,"7":10,"8":32,"9":256,"10":256,"11":256,"12":256,"13":1,"14":1,"15":3,"16":3,"17":1,"18":1,"19":15,"20":15,"21":1,"22":1,"23":7,"24":7,"25":1,"26":1,"27":5,"28":5,"29":1,"30":1,"31":15,"32":15},"b":{"0":[15,0],"1":[0,15],"2":[0,10],"3":[1,9],"4":[0,256],"5":[0,3],"6":[0,15],"7":[0,7],"8":[0,5],"9":[0,15]},"inputSourceMap":null,"_coverageSchema":"1a1c01bbd47fc00a2c39e90264f33305004495a9","hash":"380814bc08a954e12b0179086f1924f6f4cb301c"}
,"/home/microservices/looney-general/backend/moods/code/database/moodRecordsAdapter.js": {"path":"/home/microservices/looney-general/backend/moods/code/database/moodRecordsAdapter.js","statementMap":{"0":{"start":{"line":8,"column":2},"end":{"line":23,"column":5}},"1":{"start":{"line":9,"column":15},"end":{"line":9,"column":45}},"2":{"start":{"line":10,"column":16},"end":{"line":10,"column":44}},"3":{"start":{"line":11,"column":19},"end":{"line":11,"column":21}},"4":{"start":{"line":13,"column":4},"end":{"line":22,"column":7}},"5":{"start":{"line":14,"column":6},"end":{"line":14,"column":34}},"6":{"start":{"line":16,"column":6},"end":{"line":21,"column":7}},"7":{"start":{"line":17,"column":8},"end":{"line":17,"column":27}},"8":{"start":{"line":18,"column":8},"end":{"line":18,"column":20}},"9":{"start":{"line":20,"column":8},"end":{"line":20,"column":22}},"10":{"start":{"line":32,"column":2},"end":{"line":44,"column":5}},"11":{"start":{"line":33,"column":15},"end":{"line":33,"column":45}},"12":{"start":{"line":34,"column":19},"end":{"line":34,"column":92}},"13":{"start":{"line":35,"column":4},"end":{"line":43,"column":7}},"14":{"start":{"line":36,"column":6},"end":{"line":36,"column":34}},"15":{"start":{"line":37,"column":6},"end":{"line":42,"column":7}},"16":{"start":{"line":38,"column":8},"end":{"line":38,"column":27}},"17":{"start":{"line":39,"column":8},"end":{"line":39,"column":20}},"18":{"start":{"line":41,"column":8},"end":{"line":41,"column":18}},"19":{"start":{"line":53,"column":2},"end":{"line":67,"column":5}},"20":{"start":{"line":54,"column":15},"end":{"line":54,"column":45}},"21":{"start":{"line":55,"column":16},"end":{"line":55,"column":61}},"22":{"start":{"line":57,"column":4},"end":{"line":66,"column":7}},"23":{"start":{"line":58,"column":6},"end":{"line":58,"column":34}},"24":{"start":{"line":60,"column":6},"end":{"line":65,"column":7}},"25":{"start":{"line":61,"column":8},"end":{"line":61,"column":27}},"26":{"start":{"line":62,"column":8},"end":{"line":62,"column":20}},"27":{"start":{"line":64,"column":8},"end":{"line":64,"column":21}},"28":{"start":{"line":77,"column":2},"end":{"line":91,"column":5}},"29":{"start":{"line":78,"column":15},"end":{"line":78,"column":45}},"30":{"start":{"line":79,"column":19},"end":{"line":79,"column":126}},"31":{"start":{"line":81,"column":4},"end":{"line":90,"column":7}},"32":{"start":{"line":82,"column":6},"end":{"line":82,"column":34}},"33":{"start":{"line":84,"column":6},"end":{"line":89,"column":7}},"34":{"start":{"line":85,"column":8},"end":{"line":85,"column":27}},"35":{"start":{"line":86,"column":8},"end":{"line":86,"column":20}},"36":{"start":{"line":88,"column":8},"end":{"line":88,"column":18}},"37":{"start":{"line":100,"column":2},"end":{"line":114,"column":5}},"38":{"start":{"line":101,"column":15},"end":{"line":101,"column":45}},"39":{"start":{"line":102,"column":18},"end":{"line":102,"column":67}},"40":{"start":{"line":104,"column":4},"end":{"line":113,"column":7}},"41":{"start":{"line":105,"column":6},"end":{"line":105,"column":34}},"42":{"start":{"line":107,"column":6},"end":{"line":112,"column":7}},"43":{"start":{"line":108,"column":8},"end":{"line":108,"column":27}},"44":{"start":{"line":109,"column":8},"end":{"line":109,"column":20}},"45":{"start":{"line":111,"column":8},"end":{"line":111,"column":18}}},"fnMap":{"0":{"name":"getAllRecordData","decl":{"start":{"line":7,"column":22},"end":{"line":7,"column":38}},"loc":{"start":{"line":7,"column":41},"end":{"line":24,"column":1}},"line":7},"1":{"name":"(anonymous_1)","decl":{"start":{"line":8,"column":21},"end":{"line":8,"column":22}},"loc":{"start":{"line":8,"column":48},"end":{"line":23,"column":3}},"line":8},"2":{"name":"(anonymous_2)","decl":{"start":{"line":13,"column":24},"end":{"line":13,"column":25}},"loc":{"start":{"line":13,"column":39},"end":{"line":22,"column":5}},"line":13},"3":{"name":"createRecordInstance","decl":{"start":{"line":31,"column":22},"end":{"line":31,"column":42}},"loc":{"start":{"line":31,"column":52},"end":{"line":45,"column":1}},"line":31},"4":{"name":"(anonymous_4)","decl":{"start":{"line":32,"column":21},"end":{"line":32,"column":22}},"loc":{"start":{"line":32,"column":48},"end":{"line":44,"column":3}},"line":32},"5":{"name":"(anonymous_5)","decl":{"start":{"line":35,"column":74},"end":{"line":35,"column":75}},"loc":{"start":{"line":35,"column":83},"end":{"line":43,"column":5}},"line":35},"6":{"name":"getRecordInstanceById","decl":{"start":{"line":52,"column":22},"end":{"line":52,"column":43}},"loc":{"start":{"line":52,"column":48},"end":{"line":68,"column":1}},"line":52},"7":{"name":"(anonymous_7)","decl":{"start":{"line":53,"column":21},"end":{"line":53,"column":22}},"loc":{"start":{"line":53,"column":48},"end":{"line":67,"column":3}},"line":53},"8":{"name":"(anonymous_8)","decl":{"start":{"line":57,"column":16},"end":{"line":57,"column":17}},"loc":{"start":{"line":57,"column":30},"end":{"line":66,"column":5}},"line":57},"9":{"name":"editRecordInstanceById","decl":{"start":{"line":76,"column":22},"end":{"line":76,"column":44}},"loc":{"start":{"line":76,"column":63},"end":{"line":92,"column":1}},"line":76},"10":{"name":"(anonymous_10)","decl":{"start":{"line":77,"column":21},"end":{"line":77,"column":22}},"loc":{"start":{"line":77,"column":48},"end":{"line":91,"column":3}},"line":77},"11":{"name":"(anonymous_11)","decl":{"start":{"line":81,"column":19},"end":{"line":81,"column":20}},"loc":{"start":{"line":81,"column":28},"end":{"line":90,"column":5}},"line":81},"12":{"name":"deleteRecordInstanceById","decl":{"start":{"line":99,"column":22},"end":{"line":99,"column":46}},"loc":{"start":{"line":99,"column":57},"end":{"line":115,"column":1}},"line":99},"13":{"name":"(anonymous_13)","decl":{"start":{"line":100,"column":21},"end":{"line":100,"column":22}},"loc":{"start":{"line":100,"column":48},"end":{"line":114,"column":3}},"line":100},"14":{"name":"(anonymous_14)","decl":{"start":{"line":104,"column":18},"end":{"line":104,"column":19}},"loc":{"start":{"line":104,"column":27},"end":{"line":113,"column":5}},"line":104}},"branchMap":{"0":{"loc":{"start":{"line":16,"column":6},"end":{"line":21,"column":7}},"type":"if","locations":[{"start":{"line":16,"column":6},"end":{"line":21,"column":7}},{"start":{"line":19,"column":13},"end":{"line":21,"column":7}}],"line":16},"1":{"loc":{"start":{"line":37,"column":6},"end":{"line":42,"column":7}},"type":"if","locations":[{"start":{"line":37,"column":6},"end":{"line":42,"column":7}},{"start":{"line":40,"column":13},"end":{"line":42,"column":7}}],"line":37},"2":{"loc":{"start":{"line":60,"column":6},"end":{"line":65,"column":7}},"type":"if","locations":[{"start":{"line":60,"column":6},"end":{"line":65,"column":7}},{"start":{"line":63,"column":13},"end":{"line":65,"column":7}}],"line":60},"3":{"loc":{"start":{"line":84,"column":6},"end":{"line":89,"column":7}},"type":"if","locations":[{"start":{"line":84,"column":6},"end":{"line":89,"column":7}},{"start":{"line":87,"column":13},"end":{"line":89,"column":7}}],"line":84},"4":{"loc":{"start":{"line":107,"column":6},"end":{"line":112,"column":7}},"type":"if","locations":[{"start":{"line":107,"column":6},"end":{"line":112,"column":7}},{"start":{"line":110,"column":13},"end":{"line":112,"column":7}}],"line":107}},"s":{"0":4,"1":4,"2":4,"3":4,"4":4,"5":4,"6":4,"7":0,"8":0,"9":4,"10":2,"11":2,"12":2,"13":2,"14":2,"15":2,"16":0,"17":0,"18":2,"19":0,"20":0,"21":0,"22":0,"23":0,"24":0,"25":0,"26":0,"27":0,"28":0,"29":0,"30":0,"31":0,"32":0,"33":0,"34":0,"35":0,"36":0,"37":0,"38":0,"39":0,"40":0,"41":0,"42":0,"43":0,"44":0,"45":0},"f":{"0":4,"1":4,"2":4,"3":2,"4":2,"5":2,"6":0,"7":0,"8":0,"9":0,"10":0,"11":0,"12":0,"13":0,"14":0},"b":{"0":[0,4],"1":[0,2],"2":[0,0],"3":[0,0],"4":[0,0]},"inputSourceMap":null,"_coverageSchema":"1a1c01bbd47fc00a2c39e90264f33305004495a9","hash":"1143c375327c26cd8c30c5d1067eb12623ebe473"}
}
