TN:
SF:controllers/adviceRecordsController.js
FN:10,getToDay
FN:36,getAdviceRecords
FN:51,createAdviceRecord
FNF:3
FNH:3
FNDA:1,getToDay
FNDA:3,getAdviceRecords
FNDA:2,createAdviceRecord
DA:11,1
DA:12,1
DA:13,1
DA:14,1
DA:16,1
DA:17,1
DA:18,1
DA:21,1
DA:37,3
DA:38,3
DA:39,3
DA:41,0
DA:52,2
DA:53,2
DA:54,2
DA:55,2
DA:57,0
LF:17
LH:15
BRF:0
BRH:0
end_of_record
TN:
SF:controllers/moodRecordsController.js
FN:13,getToDay
FN:39,getRecord
FN:42,(anonymous_2)
FN:60,createRecord
FN:77,getRecordById
FN:80,(anonymous_5)
FN:98,editRecordById
FN:114,deleteRecordById
FNF:8
FNH:4
FNDA:1,getToDay
FNDA:3,getRecord
FNDA:4,(anonymous_2)
FNDA:2,createRecord
FNDA:0,getRecordById
FNDA:0,(anonymous_5)
FNDA:0,editRecordById
FNDA:0,deleteRecordById
DA:14,1
DA:15,1
DA:16,1
DA:17,1
DA:19,1
DA:20,1
DA:21,1
DA:24,1
DA:40,3
DA:41,3
DA:42,4
DA:47,3
DA:48,3
DA:50,0
DA:61,2
DA:62,2
DA:63,2
DA:64,2
DA:65,2
DA:67,0
DA:78,0
DA:79,0
DA:80,0
DA:85,0
DA:86,0
DA:88,0
DA:99,0
DA:100,0
DA:101,0
DA:102,0
DA:104,0
DA:115,0
DA:116,0
DA:117,0
DA:118,0
DA:120,0
LF:36
LH:18
BRF:0
BRH:0
end_of_record
TN:
SF:database/adviceRecordsAdapter.js
FN:7,getAllAdviceRecordsData
FN:8,(anonymous_1)
FN:13,(anonymous_2)
FN:31,createAdviceRecordInstance
FN:32,(anonymous_4)
FN:36,(anonymous_5)
FNF:6
FNH:6
FNDA:4,getAllAdviceRecordsData
FNDA:4,(anonymous_1)
FNDA:4,(anonymous_2)
FNDA:2,createAdviceRecordInstance
FNDA:2,(anonymous_4)
FNDA:2,(anonymous_5)
DA:8,4
DA:9,4
DA:10,4
DA:11,4
DA:13,4
DA:14,4
DA:16,4
DA:17,0
DA:18,0
DA:20,4
DA:32,2
DA:33,2
DA:34,2
DA:36,2
DA:37,2
DA:38,2
DA:39,2
DA:40,0
DA:41,0
DA:43,2
LF:20
LH:16
BRDA:16,0,0,0
BRDA:16,0,1,4
BRDA:39,1,0,0
BRDA:39,1,1,2
BRF:4
BRH:2
end_of_record
TN:
SF:database/database.js
FN:60,refreshTestingDatabase
FN:61,(anonymous_1)
FN:73,openDatabaseConnection
FN:74,(anonymous_3)
FN:82,(anonymous_4)
FN:92,(anonymous_5)
FN:117,closeDatabaseConnection
FN:118,(anonymous_7)
FN:131,createTables
FN:133,(anonymous_9)
FN:141,createTableIfNotExists
FN:142,(anonymous_11)
FN:143,(anonymous_12)
FN:159,populateMoodsTypeTable
FN:160,(anonymous_14)
FN:164,(anonymous_15)
FN:165,(anonymous_16)
FN:180,populateMoodsTable
FN:181,(anonymous_18)
FN:245,(anonymous_19)
FN:246,(anonymous_20)
FN:261,populateReasonsTable
FN:262,(anonymous_22)
FN:266,(anonymous_23)
FN:267,(anonymous_24)
FN:282,populateAdviceGroupsTable
FN:283,(anonymous_26)
FN:308,(anonymous_27)
FN:309,(anonymous_28)
FN:324,populateAdviceTable
FN:325,(anonymous_30)
FN:404,(anonymous_31)
FN:405,(anonymous_32)
FNF:33
FNH:33
FNDA:15,refreshTestingDatabase
FNDA:15,(anonymous_1)
FNDA:15,openDatabaseConnection
FNDA:15,(anonymous_3)
FNDA:15,(anonymous_4)
FNDA:10,(anonymous_5)
FNDA:15,closeDatabaseConnection
FNDA:10,(anonymous_7)
FNDA:32,createTables
FNDA:256,(anonymous_9)
FNDA:256,createTableIfNotExists
FNDA:256,(anonymous_11)
FNDA:256,(anonymous_12)
FNDA:1,populateMoodsTypeTable
FNDA:1,(anonymous_14)
FNDA:3,(anonymous_15)
FNDA:3,(anonymous_16)
FNDA:1,populateMoodsTable
FNDA:1,(anonymous_18)
FNDA:15,(anonymous_19)
FNDA:15,(anonymous_20)
FNDA:1,populateReasonsTable
FNDA:1,(anonymous_22)
FNDA:7,(anonymous_23)
FNDA:7,(anonymous_24)
FNDA:1,populateAdviceGroupsTable
FNDA:1,(anonymous_26)
FNDA:5,(anonymous_27)
FNDA:5,(anonymous_28)
FNDA:1,populateAdviceTable
FNDA:1,(anonymous_30)
FNDA:15,(anonymous_31)
FNDA:15,(anonymous_32)
DA:3,5
DA:6,5
DA:53,5
DA:61,15
DA:62,15
DA:63,15
DA:65,15
DA:74,15
DA:77,15
DA:78,15
DA:79,15
DA:82,15
DA:83,15
DA:84,0
DA:85,0
DA:87,15
DA:90,15
DA:92,15
DA:94,10
DA:96,0
DA:97,0
DA:98,0
DA:99,0
DA:100,0
DA:101,0
DA:104,10
DA:107,0
DA:118,15
DA:119,10
DA:120,1
DA:122,9
DA:133,256
DA:142,256
DA:143,256
DA:144,256
DA:145,0
DA:146,0
DA:148,256
DA:149,256
DA:160,1
DA:161,1
DA:162,1
DA:164,1
DA:165,3
DA:166,3
DA:167,0
DA:169,3
DA:181,1
DA:182,1
DA:244,1
DA:245,1
DA:246,15
DA:247,15
DA:248,0
DA:250,15
DA:262,1
DA:263,1
DA:264,1
DA:266,1
DA:267,7
DA:268,7
DA:269,0
DA:271,7
DA:283,1
DA:284,1
DA:307,1
DA:308,1
DA:309,5
DA:310,5
DA:311,0
DA:313,5
DA:325,1
DA:326,1
DA:403,1
DA:404,1
DA:405,15
DA:406,15
DA:407,0
DA:409,15
LF:79
LH:63
BRDA:77,0,0,15
BRDA:77,0,1,0
BRDA:83,1,0,0
BRDA:83,1,1,15
BRDA:94,2,0,0
BRDA:94,2,1,10
BRDA:119,3,0,1
BRDA:119,3,1,9
BRDA:144,4,0,0
BRDA:144,4,1,256
BRDA:166,5,0,0
BRDA:166,5,1,3
BRDA:247,6,0,0
BRDA:247,6,1,15
BRDA:268,7,0,0
BRDA:268,7,1,7
BRDA:310,8,0,0
BRDA:310,8,1,5
BRDA:406,9,0,0
BRDA:406,9,1,15
BRF:20
BRH:11
end_of_record
TN:
SF:database/moodRecordsAdapter.js
FN:7,getAllRecordData
FN:8,(anonymous_1)
FN:13,(anonymous_2)
FN:31,createRecordInstance
FN:32,(anonymous_4)
FN:35,(anonymous_5)
FN:52,getRecordInstanceById
FN:53,(anonymous_7)
FN:57,(anonymous_8)
FN:76,editRecordInstanceById
FN:77,(anonymous_10)
FN:81,(anonymous_11)
FN:99,deleteRecordInstanceById
FN:100,(anonymous_13)
FN:104,(anonymous_14)
FNF:15
FNH:6
FNDA:4,getAllRecordData
FNDA:4,(anonymous_1)
FNDA:4,(anonymous_2)
FNDA:2,createRecordInstance
FNDA:2,(anonymous_4)
FNDA:2,(anonymous_5)
FNDA:0,getRecordInstanceById
FNDA:0,(anonymous_7)
FNDA:0,(anonymous_8)
FNDA:0,editRecordInstanceById
FNDA:0,(anonymous_10)
FNDA:0,(anonymous_11)
FNDA:0,deleteRecordInstanceById
FNDA:0,(anonymous_13)
FNDA:0,(anonymous_14)
DA:8,4
DA:9,4
DA:10,4
DA:11,4
DA:13,4
DA:14,4
DA:16,4
DA:17,0
DA:18,0
DA:20,4
DA:32,2
DA:33,2
DA:34,2
DA:35,2
DA:36,2
DA:37,2
DA:38,0
DA:39,0
DA:41,2
DA:53,0
DA:54,0
DA:55,0
DA:57,0
DA:58,0
DA:60,0
DA:61,0
DA:62,0
DA:64,0
DA:77,0
DA:78,0
DA:79,0
DA:81,0
DA:82,0
DA:84,0
DA:85,0
DA:86,0
DA:88,0
DA:100,0
DA:101,0
DA:102,0
DA:104,0
DA:105,0
DA:107,0
DA:108,0
DA:109,0
DA:111,0
LF:46
LH:15
BRDA:16,0,0,0
BRDA:16,0,1,4
BRDA:37,1,0,0
BRDA:37,1,1,2
BRDA:60,2,0,0
BRDA:60,2,1,0
BRDA:84,3,0,0
BRDA:84,3,1,0
BRDA:107,4,0,0
BRDA:107,4,1,0
BRF:10
BRH:2
end_of_record
